<?xml version="1.0" encoding="utf-8"?>
<TestRun id="845ed98c-5573-458c-aa5d-fe5512a65789" name="HP@DESKTOP-DOOVNGQ 2024-12-12 21:14:29" runUser="DESKTOP-DOOVNGQ\HP" xmlns="http://microsoft.com/schemas/VisualStudio/TeamTest/2010">
  <Times creation="2024-12-12T21:14:29.0497754-05:00" queuing="2024-12-12T21:14:29.0497755-05:00" start="2024-12-12T21:14:28.6704122-05:00" finish="2024-12-12T21:14:29.0500433-05:00" />
  <TestSettings name="default" id="5450bea4-b8ab-41ac-a253-de46aff5c997">
    <Deployment runDeploymentRoot="HP_DESKTOP-DOOVNGQ_2024-12-12_21_14_29" />
  </TestSettings>
  <TestLists>
    <TestList name="Resultados sin formato de lista" id="8c84fa94-04c1-424b-9868-57a2d4851a1d" />
    <TestList name="Todos los resultados cargados" id="19431567-8539-422a-85d7-44ee4e166bda" />
  </TestLists>
  <ResultSummary outcome="Completed">
    <Counters total="0" executed="0" passed="0" failed="0" error="0" timeout="0" aborted="0" inconclusive="0" passedButRunAborted="0" notRunnable="0" notExecuted="0" disconnected="0" warning="0" completed="0" inProgress="0" pending="0" />
    <Output>
      <StdOut>[xUnit.net 00:00:00.00] xUnit.net VSTest Adapter v2.5.3.1+6b60a9e56a (64-bit .NET 8.0.11)&#xD;
[xUnit.net 00:00:00.04]   Discovering: ProyectoAsistencia.Tests&#xD;
[xUnit.net 00:00:00.05]   Discovered:  ProyectoAsistencia.Tests&#xD;
[xUnit.net 00:00:00.06]   Starting:    ProyectoAsistencia.Tests&#xD;
[xUnit.net 00:00:00.06]   Finished:    ProyectoAsistencia.Tests&#xD;
</StdOut>
    </Output>
    <RunInfos>
      <RunInfo computerName="DESKTOP-DOOVNGQ" outcome="Warning" timestamp="2024-12-12T21:14:28.9939464-05:00">
        <Text>Ninguna prueba coincide con el filtro de casos de prueba proporcionado "FullyQualifiedName~HomeFeature" en C:\Users\HP\Documents\Arduino\asdawsd\proyecto-si784-2024-ii-u3-hernandez_contreras_paja\ProyectoAsistencia\ProyectoAsistencia.Tests\bin\Debug\net8.0\ProyectoAsistencia.Tests.dll</Text>
      </RunInfo>
    </RunInfos>
  </ResultSummary>
</TestRun>